d:\универ\ос\лабы\4\os12_com\os12_com_dll\x64\debug\os12_com_dll.pch
d:\универ\ос\лабы\4\os12_com\os12_com_dll\x64\debug\vc143.pdb
d:\универ\ос\лабы\4\os12_com\os12_com_dll\x64\debug\vc143.idb
d:\универ\ос\лабы\4\os12_com\os12_com_dll\x64\debug\pch.obj
d:\универ\ос\лабы\4\os12_com\os12_com_dll\x64\debug\os12.obj
d:\универ\ос\лабы\4\os12_com\os12_com_dll\x64\debug\interface.obj
d:\универ\ос\лабы\4\os12_com\os12_com_dll\x64\debug\install.obj
d:\универ\ос\лабы\4\os12_com\os12_com_dll\x64\debug\dllmain.obj
d:\универ\ос\лабы\4\os12_com\os12_com_dll\x64\debug\cfactory.obj
d:\универ\ос\лабы\4\os12_com\os12_com_dll\x64\debug\os12_com_dll.ilk
d:\универ\ос\лабы\4\os12_com\x64\debug\os12_com_dll.dll
d:\универ\ос\лабы\4\os12_com\x64\debug\os12_com_dll.pdb
d:\универ\ос\лабы\4\os12_com\x64\debug\os12_com_dll.lib
d:\универ\ос\лабы\4\os12_com\x64\debug\os12_com_dll.exp
d:\универ\ос\лабы\4\os12_com\os12_com_dll\x64\debug\os12_com_dll.tlog\cl.command.1.tlog
d:\универ\ос\лабы\4\os12_com\os12_com_dll\x64\debug\os12_com_dll.tlog\cl.read.1.tlog
d:\универ\ос\лабы\4\os12_com\os12_com_dll\x64\debug\os12_com_dll.tlog\cl.write.1.tlog
d:\универ\ос\лабы\4\os12_com\os12_com_dll\x64\debug\os12_com_dll.tlog\link.command.1.tlog
d:\универ\ос\лабы\4\os12_com\os12_com_dll\x64\debug\os12_com_dll.tlog\link.read.1.tlog
d:\универ\ос\лабы\4\os12_com\os12_com_dll\x64\debug\os12_com_dll.tlog\link.write.1.tlog
d:\универ\ос\лабы\4\os12_com\os12_com_dll\x64\debug\os12_com_dll.tlog\os12_com_dll.write.1u.tlog
